[25/1/2019 17:12:13] Initializing economy...
[25/1/2019 17:12:13] The bank in Vault City has $100000
[25/1/2019 17:12:13] The bank in Redding has $100000
[25/1/2019 17:12:13] The bank in Broken Hills has $100000
[25/1/2019 17:12:13] The bank in San Francisco $100000
[25/1/2019 17:12:13] The bank in NCR has $100000
[25/1/2019 17:12:13] The bank in Hub has $100000
[25/1/2019 17:12:13] The bank in Hub has $100000
[25/1/2019 17:12:13] Creating bank interest event
[25/1/2019 17:12:13] Setting item prices after proto.
[25/1/2019 17:12:13] Setting protoprice for PID 1 to 610
[25/1/2019 17:12:13] Setting protoprice for PID 2 to 2040
[25/1/2019 17:12:13] Setting protoprice for PID 3 to 60000
[25/1/2019 17:12:13] Setting protoprice for PID 4 to 23
[25/1/2019 17:12:13] Setting protoprice for PID 5 to 10
[25/1/2019 17:12:13] Setting protoprice for PID 6 to 60
[25/1/2019 17:12:13] Setting protoprice for PID 7 to 70
[25/1/2019 17:12:13] Setting protoprice for PID 8 to 170
[25/1/2019 17:12:13] Setting protoprice for PID 9 to 1210
[25/1/2019 17:12:13] Setting protoprice for PID 10 to 600
[25/1/2019 17:12:13] Setting protoprice for PID 11 to 550
[25/1/2019 17:12:13] Setting protoprice for PID 12 to 7025
[25/1/2019 17:12:13] Setting protoprice for PID 13 to 2510
[25/1/2019 17:12:13] Setting protoprice for PID 14 to 180
[25/1/2019 17:12:13] Setting protoprice for PID 15 to 7030
[25/1/2019 17:12:13] Setting protoprice for PID 16 to 220
[25/1/2019 17:12:13] Setting protoprice for PID 17 to 10095
[25/1/2019 17:12:13] Setting protoprice for PID 18 to 380
[25/1/2019 17:12:13] Setting protoprice for PID 19 to 0
[25/1/2019 17:12:13] Setting protoprice for PID 20 to 70
[25/1/2019 17:12:13] Setting protoprice for PID 21 to 50
[25/1/2019 17:12:13] Setting protoprice for PID 22 to 1535
[25/1/2019 17:12:13] Setting protoprice for PID 23 to 2525
[25/1/2019 17:12:13] Setting protoprice for PID 24 to 3490
[25/1/2019 17:12:13] Setting protoprice for PID 25 to 104
[25/1/2019 17:12:13] Setting protoprice for PID 26 to 201
[25/1/2019 17:12:13] Setting protoprice for PID 27 to 150
[25/1/2019 17:12:13] Setting protoprice for PID 28 to 30000
[25/1/2019 17:12:13] Setting protoprice for PID 29 to 9
[25/1/2019 17:12:13] Setting protoprice for PID 30 to 12
[25/1/2019 17:12:13] Setting protoprice for PID 31 to 8
[25/1/2019 17:12:13] Setting protoprice for PID 32 to 12
[25/1/2019 17:12:13] Setting protoprice for PID 33 to 19
[25/1/2019 17:12:13] Setting protoprice for PID 34 to 14
[25/1/2019 17:12:13] Setting protoprice for PID 35 to 7
[25/1/2019 17:12:13] Setting protoprice for PID 36 to 8
[25/1/2019 17:12:13] Setting protoprice for PID 37 to 492
[25/1/2019 17:12:13] Setting protoprice for PID 38 to 10
[25/1/2019 17:12:13] Setting protoprice for PID 39 to 24
[25/1/2019 17:12:13] Setting protoprice for PID 40 to 135
[25/1/2019 17:12:13] Setting protoprice for PID 41 to 1
[25/1/2019 17:12:13] Setting protoprice for PID 42 to 0
[25/1/2019 17:12:13] Setting protoprice for PID 43 to 0
[25/1/2019 17:12:13] Setting protoprice for PID 44 to 0
[25/1/2019 17:12:13] Setting protoprice for PID 45 to 140
[25/1/2019 17:12:13] Setting protoprice for PID 46 to 25
[25/1/2019 17:12:13] Setting protoprice for PID 47 to 1000
[25/1/2019 17:12:13] Setting protoprice for PID 48 to 300
[25/1/2019 17:12:13] Setting protoprice for PID 49 to 50
[25/1/2019 17:12:13] Setting protoprice for PID 50 to 20
[25/1/2019 17:12:13] Setting protoprice for PID 51 to 1530
[25/1/2019 17:12:13] Setting protoprice for PID 52 to 2500
[25/1/2019 17:12:13] Setting protoprice for PID 53 to 400
[25/1/2019 17:12:13] Setting protoprice for PID 54 to 1800
[25/1/2019 17:12:13] Setting protoprice for PID 55 to 500
[25/1/2019 17:12:13] Setting protoprice for PID 56 to 50
[25/1/2019 17:12:13] Setting protoprice for PID 57 to 50
[25/1/2019 17:12:13] Setting protoprice for PID 58 to 40
[25/1/2019 17:12:13] Setting protoprice for PID 59 to 4500
[25/1/2019 17:12:13] Setting protoprice for PID 60 to 0
[25/1/2019 17:12:13] Setting protoprice for PID 61 to 0
[25/1/2019 17:12:13] Setting protoprice for PID 62 to 0
[25/1/2019 17:12:13] Setting protoprice for PID 63 to 0
[25/1/2019 17:12:13] Setting protoprice for PID 64 to 0
[25/1/2019 17:12:13] Setting protoprice for PID 65 to 0
[25/1/2019 17:12:13] Setting protoprice for PID 66 to 0
[25/1/2019 17:12:13] Setting protoprice for PID 67 to 0
[25/1/2019 17:12:13] Setting protoprice for PID 68 to 0
[25/1/2019 17:12:13] Setting protoprice for PID 69 to 0
[25/1/2019 17:12:13] Setting protoprice for PID 70 to 0
[25/1/2019 17:12:13] Setting protoprice for PID 71 to 10
[25/1/2019 17:12:13] Setting protoprice for PID 72 to 35
[25/1/2019 17:12:13] Setting protoprice for PID 73 to 2000
[25/1/2019 17:12:13] Setting protoprice for PID 74 to 250
[25/1/2019 17:12:13] Setting protoprice for PID 75 to 300
[25/1/2019 17:12:13] Setting protoprice for PID 76 to 1200
[25/1/2019 17:12:13] Setting protoprice for PID 77 to 375
[25/1/2019 17:12:13] Setting protoprice for PID 78 to 300
[25/1/2019 17:12:13] Setting protoprice for PID 79 to 35
[25/1/2019 17:12:13] Setting protoprice for PID 80 to 700
[25/1/2019 17:12:13] Setting protoprice for PID 81 to 20
[25/1/2019 17:12:13] Setting protoprice for PID 82 to 4
[25/1/2019 17:12:13] Setting protoprice for PID 83 to 4
[25/1/2019 17:12:13] Setting protoprice for PID 84 to 480
[25/1/2019 17:12:13] Setting protoprice for PID 85 to 3060
[25/1/2019 17:12:13] Setting protoprice for PID 86 to 1500
[25/1/2019 17:12:13] Setting protoprice for PID 87 to 275
[25/1/2019 17:12:13] Setting protoprice for PID 88 to 0
[25/1/2019 17:12:13] Setting protoprice for PID 89 to 210
[25/1/2019 17:12:13] Setting protoprice for PID 90 to 100
[25/1/2019 17:12:13] Setting protoprice for PID 91 to 1000
[25/1/2019 17:12:13] Setting protoprice for PID 92 to 10
[25/1/2019 17:12:13] Setting protoprice for PID 93 to 150
[25/1/2019 17:12:13] Setting protoprice for PID 94 to 240
[25/1/2019 17:12:13] Setting protoprice for PID 95 to 9
[25/1/2019 17:12:13] Setting protoprice for PID 96 to 10
[25/1/2019 17:12:13] Setting protoprice for PID 97 to 10
[25/1/2019 17:12:13] Setting protoprice for PID 98 to 40
[25/1/2019 17:12:13] Setting protoprice for PID 99 to 400
[25/1/2019 17:12:13] Setting protoprice for PID 100 to 300
[25/1/2019 17:12:13] Setting protoprice for PID 101 to 100
[25/1/2019 17:12:13] Setting protoprice for PID 102 to 1000
[25/1/2019 17:12:13] Setting protoprice for PID 103 to 8
[25/1/2019 17:12:13] Setting protoprice for PID 104 to 80
[25/1/2019 17:12:13] Setting protoprice for PID 105 to 25
[25/1/2019 17:12:13] Setting protoprice for PID 106 to 3
[25/1/2019 17:12:13] Setting protoprice for PID 107 to 0
[25/1/2019 17:12:13] Setting protoprice for PID 108 to 0
[25/1/2019 17:12:13] Setting protoprice for PID 109 to 300
[25/1/2019 17:12:13] Setting protoprice for PID 110 to 700
[25/1/2019 17:12:13] Setting protoprice for PID 111 to 9
[25/1/2019 17:12:13] Setting protoprice for PID 112 to 130
[25/1/2019 17:12:13] Setting protoprice for PID 113 to 90
[25/1/2019 17:12:13] Setting protoprice for PID 114 to 200
[25/1/2019 17:12:13] Setting protoprice for PID 115 to 3120
[25/1/2019 17:12:13] Setting protoprice for PID 116 to 2550
[25/1/2019 17:12:13] Setting protoprice for PID 117 to 5
[25/1/2019 17:12:13] Setting protoprice for PID 118 to 4475
[25/1/2019 17:12:13] Setting protoprice for PID 119 to 700
[25/1/2019 17:12:13] Setting protoprice for PID 120 to 10000
[25/1/2019 17:12:13] Setting protoprice for PID 121 to 5
[25/1/2019 17:12:13] Setting protoprice for PID 122 to 70
[25/1/2019 17:12:13] Setting protoprice for PID 123 to 1000
[25/1/2019 17:12:13] Setting protoprice for PID 124 to 10
[25/1/2019 17:12:13] Setting protoprice for PID 125 to 10
[25/1/2019 17:12:13] Setting protoprice for PID 126 to 25
[25/1/2019 17:12:13] Setting protoprice for PID 127 to 5
[25/1/2019 17:12:13] Setting protoprice for PID 128 to 0
[25/1/2019 17:12:13] Setting protoprice for PID 129 to 0
[25/1/2019 17:12:13] Setting protoprice for PID 130 to 0
[25/1/2019 17:12:13] Setting protoprice for PID 131 to 0
[25/1/2019 17:12:13] Setting protoprice for PID 132 to 0
[25/1/2019 17:12:13] Setting protoprice for PID 133 to 0
[25/1/2019 17:12:13] Setting protoprice for PID 134 to 0
[25/1/2019 17:12:13] Setting protoprice for PID 135 to 0
[25/1/2019 17:12:13] Setting protoprice for PID 136 to 0
[25/1/2019 17:12:13] Setting protoprice for PID 137 to 0
[25/1/2019 17:12:13] Setting protoprice for PID 138 to 0
[25/1/2019 17:12:13] Setting protoprice for PID 139 to 0
[25/1/2019 17:12:13] Setting protoprice for PID 140 to 25
[25/1/2019 17:12:13] Setting protoprice for PID 141 to 400
[25/1/2019 17:12:13] Setting protoprice for PID 142 to 12
[25/1/2019 17:12:13] Setting protoprice for PID 143 to 5005
[25/1/2019 17:12:13] Setting protoprice for PID 144 to 260
[25/1/2019 17:12:13] Setting protoprice for PID 145 to 0
[25/1/2019 17:12:13] Setting protoprice for PID 146 to 0
[25/1/2019 17:12:13] Setting protoprice for PID 147 to 0
[25/1/2019 17:12:13] Setting protoprice for PID 148 to 0
[25/1/2019 17:12:13] Setting protoprice for PID 149 to 0
[25/1/2019 17:12:13] Setting protoprice for PID 150 to 0
[25/1/2019 17:12:13] Setting protoprice for PID 151 to 0
[25/1/2019 17:12:13] Setting protoprice for PID 152 to 0
[25/1/2019 17:12:13] Setting protoprice for PID 153 to 0
[25/1/2019 17:12:13] Setting protoprice for PID 154 to 0
[25/1/2019 17:12:13] Setting protoprice for PID 155 to 0
[25/1/2019 17:12:13] Setting protoprice for PID 156 to 0
[25/1/2019 17:12:13] Setting protoprice for PID 157 to 0
[25/1/2019 17:12:13] Setting protoprice for PID 158 to 0
[25/1/2019 17:12:13] Setting protoprice for PID 159 to 60
[25/1/2019 17:12:13] Setting protoprice for PID 160 to 540
[25/1/2019 17:12:13] Setting protoprice for PID 161 to 120
[25/1/2019 17:12:13] Setting protoprice for PID 162 to 220
[25/1/2019 17:12:13] Setting protoprice for PID 163 to 4
[25/1/2019 17:12:13] Setting protoprice for PID 164 to 70
[25/1/2019 17:12:13] Setting protoprice for PID 165 to 0
[25/1/2019 17:12:13] Setting protoprice for PID 166 to 0
[25/1/2019 17:12:13] Setting protoprice for PID 167 to 0
[25/1/2019 17:12:13] Setting protoprice for PID 168 to 0
[25/1/2019 17:12:13] Setting protoprice for PID 169 to 0
[25/1/2019 17:12:13] Setting protoprice for PID 170 to 0
[25/1/2019 17:12:13] Setting protoprice for PID 171 to 0
[25/1/2019 17:12:13] Setting protoprice for PID 172 to 0
[25/1/2019 17:12:13] Setting protoprice for PID 173 to 0
[25/1/2019 17:12:13] Setting protoprice for PID 174 to 0
[25/1/2019 17:12:13] Setting protoprice for PID 175 to 0
[25/1/2019 17:12:13] Setting protoprice for PID 176 to 0
[25/1/2019 17:12:13] Setting protoprice for PID 177 to 0
[25/1/2019 17:12:13] Setting protoprice for PID 178 to 0
[25/1/2019 17:12:13] Setting protoprice for PID 179 to 0
[25/1/2019 17:12:13] Setting protoprice for PID 180 to 0
[25/1/2019 17:12:13] Setting protoprice for PID 181 to 0
[25/1/2019 17:12:13] Setting protoprice for PID 182 to 0
[25/1/2019 17:12:13] Setting protoprice for PID 183 to 0
[25/1/2019 17:12:13] Setting protoprice for PID 184 to 0
[25/1/2019 17:12:13] Setting protoprice for PID 185 to 0
[25/1/2019 17:12:13] Setting protoprice for PID 186 to 0
[25/1/2019 17:12:13] Setting protoprice for PID 187 to 0
[25/1/2019 17:12:13] Setting protoprice for PID 188 to 0
[25/1/2019 17:12:13] Setting protoprice for PID 189 to 0
[25/1/2019 17:12:13] Setting protoprice for PID 190 to 200
[25/1/2019 17:12:13] Setting protoprice for PID 191 to 50
[25/1/2019 17:12:13] Setting protoprice for PID 192 to 50
[25/1/2019 17:12:13] Setting protoprice for PID 193 to 50
[25/1/2019 17:12:13] Setting protoprice for PID 194 to 75
[25/1/2019 17:12:13] Setting protoprice for PID 195 to 50
[25/1/2019 17:12:13] Setting protoprice for PID 196 to 125
[25/1/2019 17:12:13] Setting protoprice for PID 197 to 0
[25/1/2019 17:12:13] Setting protoprice for PID 198 to 0
[25/1/2019 17:12:13] Setting protoprice for PID 199 to 0
[25/1/2019 17:12:13] Setting protoprice for PID 200 to 0
[25/1/2019 17:12:13] Setting protoprice for PID 201 to 0
[25/1/2019 17:12:13] Setting protoprice for PID 202 to 0
[25/1/2019 17:12:13] Setting protoprice for PID 203 to 0
[25/1/2019 17:12:13] Setting protoprice for PID 204 to 0
[25/1/2019 17:12:13] Setting protoprice for PID 205 to 60
[25/1/2019 17:12:13] Setting protoprice for PID 206 to 500
[25/1/2019 17:12:13] Setting protoprice for PID 207 to 650
[25/1/2019 17:12:13] Setting protoprice for PID 208 to 800
[25/1/2019 17:12:13] Setting protoprice for PID 209 to 850
[25/1/2019 17:12:13] Setting protoprice for PID 210 to 1800
[25/1/2019 17:12:13] Setting protoprice for PID 211 to 0
[25/1/2019 17:12:13] Setting protoprice for PID 212 to 600
[25/1/2019 17:12:13] Setting protoprice for PID 213 to 0
[25/1/2019 17:12:13] Setting protoprice for PID 214 to 0
[25/1/2019 17:12:13] Setting protoprice for PID 215 to 50
[25/1/2019 17:12:13] Setting protoprice for PID 216 to 50
[25/1/2019 17:12:13] Setting protoprice for PID 217 to 50
[25/1/2019 17:12:13] Setting protoprice for PID 218 to 25
[25/1/2019 17:12:13] Setting protoprice for PID 219 to 50
[25/1/2019 17:12:13] Setting protoprice for PID 220 to 100
[25/1/2019 17:12:13] Setting protoprice for PID 221 to 40
[25/1/2019 17:12:13] Setting protoprice for PID 222 to 0
[25/1/2019 17:12:13] Setting protoprice for PID 223 to 40
[25/1/2019 17:12:13] Setting protoprice for PID 224 to 300
[25/1/2019 17:12:13] Setting protoprice for PID 225 to 5
[25/1/2019 17:12:13] Setting protoprice for PID 226 to 15
[25/1/2019 17:12:13] Setting protoprice for PID 227 to 20
[25/1/2019 17:12:13] Setting protoprice for PID 228 to 200
[25/1/2019 17:12:13] Setting protoprice for PID 229 to 150
[25/1/2019 17:12:13] Setting protoprice for PID 230 to 50
[25/1/2019 17:12:13] Setting protoprice for PID 231 to 0
[25/1/2019 17:12:13] Setting protoprice for PID 232 to 70000
[25/1/2019 17:12:13] Setting protoprice for PID 233 to 10090
[25/1/2019 17:12:13] Setting protoprice for PID 234 to 240
[25/1/2019 17:12:13] Setting protoprice for PID 235 to 1595
[25/1/2019 17:12:13] Setting protoprice for PID 236 to 200
[25/1/2019 17:12:13] Setting protoprice for PID 237 to 100
[25/1/2019 17:12:13] Setting protoprice for PID 238 to 25
[25/1/2019 17:12:13] Setting protoprice for PID 239 to 15015
[25/1/2019 17:12:13] Setting protoprice for PID 240 to 5045
[25/1/2019 17:12:13] Setting protoprice for PID 241 to 2230
[25/1/2019 17:12:13] Setting protoprice for PID 242 to 2555
[25/1/2019 17:12:13] Setting protoprice for PID 243 to 0
[25/1/2019 17:12:13] Setting protoprice for PID 244 to 0
[25/1/2019 17:12:13] Setting protoprice for PID 245 to 0
[25/1/2019 17:12:13] Setting protoprice for PID 246 to 0
[25/1/2019 17:12:13] Setting protoprice for PID 247 to 0
[25/1/2019 17:12:13] Setting protoprice for PID 248 to 0
[25/1/2019 17:12:13] Setting protoprice for PID 249 to 0
[25/1/2019 17:12:13] Setting protoprice for PID 250 to 0
[25/1/2019 17:12:13] Setting protoprice for PID 251 to 0
[25/1/2019 17:12:13] Setting protoprice for PID 252 to 0
[25/1/2019 17:12:13] Setting protoprice for PID 253 to 200
[25/1/2019 17:12:13] Setting protoprice for PID 254 to 200
[25/1/2019 17:12:13] Setting protoprice for PID 255 to 0
[25/1/2019 17:12:13] Setting protoprice for PID 256 to 0
[25/1/2019 17:12:13] Setting protoprice for PID 257 to 0
[25/1/2019 17:12:13] Setting protoprice for PID 258 to 0
[25/1/2019 17:12:13] Setting protoprice for PID 259 to 350
[25/1/2019 17:12:13] Setting protoprice for PID 260 to 5000
[25/1/2019 17:12:13] Setting protoprice for PID 261 to 200
[25/1/2019 17:12:13] Setting protoprice for PID 262 to 0
[25/1/2019 17:12:13] Setting protoprice for PID 263 to 0
[25/1/2019 17:12:13] Setting protoprice for PID 264 to 0
[25/1/2019 17:12:13] Setting protoprice for PID 265 to 800
[25/1/2019 17:12:13] Setting protoprice for PID 266 to 0
[25/1/2019 17:12:13] Setting protoprice for PID 267 to 0
[25/1/2019 17:12:13] Setting protoprice for PID 268 to 4070
[25/1/2019 17:12:13] Setting protoprice for PID 269 to 100
[25/1/2019 17:12:13] Setting protoprice for PID 270 to 0
[25/1/2019 17:12:13] Setting protoprice for PID 271 to 12
[25/1/2019 17:12:13] Setting protoprice for PID 272 to 12
[25/1/2019 17:12:13] Setting protoprice for PID 273 to 80
[25/1/2019 17:12:13] Setting protoprice for PID 274 to 0
[25/1/2019 17:12:13] Setting protoprice for PID 275 to 2000
[25/1/2019 17:12:13] Setting protoprice for PID 276 to 120
[25/1/2019 17:12:13] Setting protoprice for PID 277 to 250
[25/1/2019 17:12:13] Setting protoprice for PID 278 to 10
[25/1/2019 17:12:13] Setting protoprice for PID 279 to 800
[25/1/2019 17:12:13] Setting protoprice for PID 280 to 90
[25/1/2019 17:12:13] Setting protoprice for PID 281 to 0
[25/1/2019 17:12:13] Setting protoprice for PID 282 to 0
[25/1/2019 17:12:13] Setting protoprice for PID 283 to 750
[25/1/2019 17:12:13] Setting protoprice for PID 284 to 20
[25/1/2019 17:12:13] Setting protoprice for PID 285 to 0
[25/1/2019 17:12:13] Setting protoprice for PID 286 to 12
[25/1/2019 17:12:13] Setting protoprice for PID 287 to 820
[25/1/2019 17:12:13] Setting protoprice for PID 288 to 0
[25/1/2019 17:12:13] Setting protoprice for PID 289 to 70
[25/1/2019 17:12:13] Setting protoprice for PID 290 to 0
[25/1/2019 17:12:13] Setting protoprice for PID 291 to 0
[25/1/2019 17:12:13] Setting protoprice for PID 292 to 250
[25/1/2019 17:12:13] Setting protoprice for PID 293 to 300
[25/1/2019 17:12:13] Setting protoprice for PID 294 to 200
[25/1/2019 17:12:13] Setting protoprice for PID 295 to 5
[25/1/2019 17:12:13] Setting protoprice for PID 296 to 6010
[25/1/2019 17:12:13] Setting protoprice for PID 297 to 5
[25/1/2019 17:12:13] Setting protoprice for PID 298 to 0
[25/1/2019 17:12:13] Setting protoprice for PID 299 to 15
[25/1/2019 17:12:13] Setting protoprice for PID 300 to 10
[25/1/2019 17:12:13] Setting protoprice for PID 301 to 0
[25/1/2019 17:12:13] Setting protoprice for PID 302 to 50
[25/1/2019 17:12:13] Setting protoprice for PID 303 to 50
[25/1/2019 17:12:13] Setting protoprice for PID 304 to 50
[25/1/2019 17:12:13] Setting protoprice for PID 305 to 25
[25/1/2019 17:12:13] Setting protoprice for PID 306 to 25
[25/1/2019 17:12:13] Setting protoprice for PID 307 to 200
[25/1/2019 17:12:13] Setting protoprice for PID 308 to 2000
[25/1/2019 17:12:13] Setting protoprice for PID 309 to 25
[25/1/2019 17:12:13] Setting protoprice for PID 310 to 5
[25/1/2019 17:12:13] Setting protoprice for PID 311 to 10
[25/1/2019 17:12:13] Setting protoprice for PID 312 to 10
[25/1/2019 17:12:13] Setting protoprice for PID 313 to 310
[25/1/2019 17:12:13] Setting protoprice for PID 314 to 2
[25/1/2019 17:12:13] Setting protoprice for PID 315 to 2
[25/1/2019 17:12:13] Setting protoprice for PID 316 to 2
[25/1/2019 17:12:13] Setting protoprice for PID 317 to 25
[25/1/2019 17:12:13] Setting protoprice for PID 318 to 1
[25/1/2019 17:12:13] Setting protoprice for PID 319 to 50
[25/1/2019 17:12:13] Setting protoprice for PID 320 to 20
[25/1/2019 17:12:13] Setting protoprice for PID 321 to 2000
[25/1/2019 17:12:13] Setting protoprice for PID 322 to 0
[25/1/2019 17:12:13] Setting protoprice for PID 323 to 0
[25/1/2019 17:12:13] Setting protoprice for PID 324 to 0
[25/1/2019 17:12:13] Setting protoprice for PID 325 to 5
[25/1/2019 17:12:13] Setting protoprice for PID 326 to 20
[25/1/2019 17:12:13] Setting protoprice for PID 327 to 1
[25/1/2019 17:12:13] Setting protoprice for PID 328 to 50
[25/1/2019 17:12:13] Setting protoprice for PID 329 to 0
[25/1/2019 17:12:13] Setting protoprice for PID 330 to 0
[25/1/2019 17:12:13] Setting protoprice for PID 331 to 800
[25/1/2019 17:12:13] Setting protoprice for PID 332 to 1060
[25/1/2019 17:12:13] Setting protoprice for PID 333 to 50
[25/1/2019 17:12:13] Setting protoprice for PID 334 to 200
[25/1/2019 17:12:13] Setting protoprice for PID 335 to 35
[25/1/2019 17:12:13] Setting protoprice for PID 336 to 35
[25/1/2019 17:12:13] Setting protoprice for PID 337 to 50
[25/1/2019 17:12:13] Setting protoprice for PID 338 to 50
[25/1/2019 17:12:13] Setting protoprice for PID 339 to 50
[25/1/2019 17:12:13] Setting protoprice for PID 340 to 0
[25/1/2019 17:12:13] Setting protoprice for PID 341 to 0
[25/1/2019 17:12:13] Setting protoprice for PID 342 to 10
[25/1/2019 17:12:13] Setting protoprice for PID 343 to 0
[25/1/2019 17:12:13] Setting protoprice for PID 344 to 0
[25/1/2019 17:12:13] Setting protoprice for PID 345 to 0
[25/1/2019 17:12:13] Setting protoprice for PID 346 to 0
[25/1/2019 17:12:13] Setting protoprice for PID 347 to 0
[25/1/2019 17:12:13] Setting protoprice for PID 348 to 90000
[25/1/2019 17:12:13] Setting protoprice for PID 349 to 110000
[25/1/2019 17:12:13] Setting protoprice for PID 350 to 20000
[25/1/2019 17:12:13] Setting protoprice for PID 351 to 3340
[25/1/2019 17:12:13] Setting protoprice for PID 352 to 13000
[25/1/2019 17:12:13] Setting protoprice for PID 353 to 6095
[25/1/2019 17:12:13] Setting protoprice for PID 354 to 5075
[25/1/2019 17:12:13] Setting protoprice for PID 355 to 6975
[25/1/2019 17:12:13] Setting protoprice for PID 356 to 3000
[25/1/2019 17:12:13] Setting protoprice for PID 357 to 6
[25/1/2019 17:12:13] Setting protoprice for PID 358 to 500
[25/1/2019 17:12:13] Setting protoprice for PID 359 to 300
[25/1/2019 17:12:13] Setting protoprice for PID 360 to 5
[25/1/2019 17:12:13] Setting protoprice for PID 361 to 8
[25/1/2019 17:12:13] Setting protoprice for PID 362 to 14
[25/1/2019 17:12:13] Setting protoprice for PID 363 to 12
[25/1/2019 17:12:13] Setting protoprice for PID 364 to 500
[25/1/2019 17:12:13] Setting protoprice for PID 365 to 0
[25/1/2019 17:12:13] Setting protoprice for PID 366 to 0
[25/1/2019 17:12:13] Setting protoprice for PID 367 to 0
[25/1/2019 17:12:13] Setting protoprice for PID 368 to 0
[25/1/2019 17:12:13] Setting protoprice for PID 369 to 0
[25/1/2019 17:12:13] Setting protoprice for PID 370 to 0
[25/1/2019 17:12:13] Setting protoprice for PID 371 to 0
[25/1/2019 17:12:13] Setting protoprice for PID 372 to 0
[25/1/2019 17:12:13] Setting protoprice for PID 373 to 0
[25/1/2019 17:12:13] Setting protoprice for PID 374 to 0
[25/1/2019 17:12:13] Setting protoprice for PID 375 to 0
[25/1/2019 17:12:13] Setting protoprice for PID 376 to 0
[25/1/2019 17:12:13] Setting protoprice for PID 377 to 100
[25/1/2019 17:12:13] Setting protoprice for PID 378 to 0
[25/1/2019 17:12:13] Setting protoprice for PID 379 to 910
[25/1/2019 17:12:13] Setting protoprice for PID 380 to 2550
[25/1/2019 17:12:13] Setting protoprice for PID 381 to 10750
[25/1/2019 17:12:13] Setting protoprice for PID 382 to 25
[25/1/2019 17:12:13] Setting protoprice for PID 383 to 2
[25/1/2019 17:12:13] Setting protoprice for PID 384 to 400
[25/1/2019 17:12:13] Setting protoprice for PID 385 to 240
[25/1/2019 17:12:13] Setting protoprice for PID 386 to 5000
[25/1/2019 17:12:13] Setting protoprice for PID 387 to 5990
[25/1/2019 17:12:13] Setting protoprice for PID 388 to 2600
[25/1/2019 17:12:13] Setting protoprice for PID 389 to 10085
[25/1/2019 17:12:13] Setting protoprice for PID 390 to 2000
[25/1/2019 17:12:13] Setting protoprice for PID 391 to 17000
[25/1/2019 17:12:13] Setting protoprice for PID 392 to 48000
[25/1/2019 17:12:13] Setting protoprice for PID 393 to 7500
[25/1/2019 17:12:13] Setting protoprice for PID 394 to 30000
[25/1/2019 17:12:13] Setting protoprice for PID 395 to 40000
[25/1/2019 17:12:13] Setting protoprice for PID 396 to 28000
[25/1/2019 17:12:13] Setting protoprice for PID 397 to 35000
[25/1/2019 17:12:13] Setting protoprice for PID 398 to 360
[25/1/2019 17:12:13] Setting protoprice for PID 399 to 2535
[25/1/2019 17:12:13] Setting protoprice for PID 400 to 3070
[25/1/2019 17:12:13] Setting protoprice for PID 401 to 4985
[25/1/2019 17:12:13] Setting protoprice for PID 402 to 420
[25/1/2019 17:12:13] Setting protoprice for PID 403 to 9000
[25/1/2019 17:12:13] Setting protoprice for PID 404 to 550
[25/1/2019 17:12:13] Setting protoprice for PID 405 to 3035
[25/1/2019 17:12:13] Setting protoprice for PID 406 to 4000
[25/1/2019 17:12:13] Setting protoprice for PID 407 to 3110
[25/1/2019 17:12:13] Setting protoprice for PID 408 to 2000
[25/1/2019 17:12:13] Setting protoprice for PID 409 to 2000
[25/1/2019 17:12:13] Setting protoprice for PID 410 to 400
[25/1/2019 17:12:13] Setting protoprice for PID 411 to 700
[25/1/2019 17:12:13] Setting protoprice for PID 412 to 1500
[25/1/2019 17:12:13] Setting protoprice for PID 413 to 0
[25/1/2019 17:12:13] Setting protoprice for PID 414 to 0
[25/1/2019 17:12:13] Setting protoprice for PID 415 to 50
[25/1/2019 17:12:13] Setting protoprice for PID 416 to 1
[25/1/2019 17:12:13] Setting protoprice for PID 417 to 20
[25/1/2019 17:12:13] Setting protoprice for PID 418 to 0
[25/1/2019 17:12:13] Setting protoprice for PID 419 to 0
[25/1/2019 17:12:13] Setting protoprice for PID 420 to 1
[25/1/2019 17:12:13] Setting protoprice for PID 421 to 1
[25/1/2019 17:12:13] Setting protoprice for PID 422 to 500
[25/1/2019 17:12:13] Setting protoprice for PID 423 to 50
[25/1/2019 17:12:13] Setting protoprice for PID 424 to 0
[25/1/2019 17:12:13] Setting protoprice for PID 425 to 0
[25/1/2019 17:12:13] Setting protoprice for PID 426 to 125
[25/1/2019 17:12:13] Setting protoprice for PID 427 to 0
[25/1/2019 17:12:13] Setting protoprice for PID 428 to 50
[25/1/2019 17:12:13] Setting protoprice for PID 429 to 50
[25/1/2019 17:12:13] Setting protoprice for PID 430 to 20
[25/1/2019 17:12:13] Setting protoprice for PID 431 to 500
[25/1/2019 17:12:13] Setting protoprice for PID 432 to 0
[25/1/2019 17:12:13] Setting protoprice for PID 433 to 20
[25/1/2019 17:12:13] Setting protoprice for PID 434 to 0
[25/1/2019 17:12:13] Setting protoprice for PID 435 to 0
[25/1/2019 17:12:13] Setting protoprice for PID 436 to 2
[25/1/2019 17:12:13] Setting protoprice for PID 437 to 1
[25/1/2019 17:12:13] Setting protoprice for PID 438 to 0
[25/1/2019 17:12:13] Setting protoprice for PID 439 to 0
[25/1/2019 17:12:13] Setting protoprice for PID 440 to 25
[25/1/2019 17:12:13] Setting protoprice for PID 441 to 0
[25/1/2019 17:12:13] Setting protoprice for PID 442 to 0
[25/1/2019 17:12:13] Setting protoprice for PID 443 to 0
[25/1/2019 17:12:13] Setting protoprice for PID 444 to 0
[25/1/2019 17:12:13] Setting protoprice for PID 445 to 5
[25/1/2019 17:12:13] Setting protoprice for PID 446 to 0
[25/1/2019 17:12:13] Setting protoprice for PID 447 to 50
[25/1/2019 17:12:13] Setting protoprice for PID 448 to 0
[25/1/2019 17:12:13] Setting protoprice for PID 449 to 50
[25/1/2019 17:12:13] Setting protoprice for PID 450 to 0
[25/1/2019 17:12:13] Setting protoprice for PID 451 to 0
[25/1/2019 17:12:13] Setting protoprice for PID 452 to 0
[25/1/2019 17:12:13] Setting protoprice for PID 453 to 0
[25/1/2019 17:12:13] Setting protoprice for PID 454 to 0
[25/1/2019 17:12:13] Setting protoprice for PID 455 to 0
[25/1/2019 17:12:13] Setting protoprice for PID 456 to 0
[25/1/2019 17:12:13] Setting protoprice for PID 457 to 0
[25/1/2019 17:12:13] Setting protoprice for PID 458 to 50
[25/1/2019 17:12:13] Setting protoprice for PID 459 to 50
[25/1/2019 17:12:13] Setting protoprice for PID 460 to 50
[25/1/2019 17:12:13] Setting protoprice for PID 461 to 50
[25/1/2019 17:12:13] Setting protoprice for PID 462 to 50
[25/1/2019 17:12:13] Setting protoprice for PID 463 to 50
[25/1/2019 17:12:13] Setting protoprice for PID 464 to 50
[25/1/2019 17:12:13] Setting protoprice for PID 465 to 50
[25/1/2019 17:12:13] Setting protoprice for PID 466 to 5
[25/1/2019 17:12:13] Setting protoprice for PID 467 to 0
[25/1/2019 17:12:13] Setting protoprice for PID 468 to 0
[25/1/2019 17:12:13] Setting protoprice for PID 469 to 150
[25/1/2019 17:12:13] Setting protoprice for PID 470 to 20
[25/1/2019 17:12:13] Setting protoprice for PID 471 to 0
[25/1/2019 17:12:13] Setting protoprice for PID 472 to 50
[25/1/2019 17:12:13] Setting protoprice for PID 473 to 0
[25/1/2019 17:12:13] Setting protoprice for PID 474 to 0
[25/1/2019 17:12:13] Setting protoprice for PID 475 to 25
[25/1/2019 17:12:13] Setting protoprice for PID 476 to 0
[25/1/2019 17:12:13] Setting protoprice for PID 477 to 50
[25/1/2019 17:12:13] Setting protoprice for PID 478 to 50
[25/1/2019 17:12:13] Setting protoprice for PID 479 to 0
[25/1/2019 17:12:13] Setting protoprice for PID 480 to 0
[25/1/2019 17:12:13] Setting protoprice for PID 481 to 0
[25/1/2019 17:12:13] Setting protoprice for PID 482 to 0
[25/1/2019 17:12:13] Setting protoprice for PID 483 to 0
[25/1/2019 17:12:13] Setting protoprice for PID 484 to 0
[25/1/2019 17:12:13] Setting protoprice for PID 485 to 750
[25/1/2019 17:12:13] Setting protoprice for PID 486 to 150
[25/1/2019 17:12:13] Setting protoprice for PID 487 to 0
[25/1/2019 17:12:13] Setting protoprice for PID 488 to 50
[25/1/2019 17:12:13] Setting protoprice for PID 489 to 0
[25/1/2019 17:12:13] Setting protoprice for PID 490 to 50
[25/1/2019 17:12:13] Setting protoprice for PID 491 to 0
[25/1/2019 17:12:13] Setting protoprice for PID 492 to 0
[25/1/2019 17:12:13] Setting protoprice for PID 493 to 50
[25/1/2019 17:12:13] Setting protoprice for PID 494 to 1
[25/1/2019 17:12:13] Setting protoprice for PID 495 to 0
[25/1/2019 17:12:13] Setting protoprice for PID 496 to 250
[25/1/2019 17:12:13] Setting protoprice for PID 497 to 300
[25/1/2019 17:12:13] Setting protoprice for PID 498 to 0
[25/1/2019 17:12:13] Setting protoprice for PID 499 to 200
[25/1/2019 17:12:13] Setting protoprice for PID 500 to 5585
[25/1/2019 17:12:13] Setting protoprice for PID 501 to 0
[25/1/2019 17:12:13] Setting protoprice for PID 502 to 0
[25/1/2019 17:12:13] Setting protoprice for PID 503 to 0
[25/1/2019 17:12:13] Setting protoprice for PID 504 to 0
[25/1/2019 17:12:13] Setting protoprice for PID 505 to 0
[25/1/2019 17:12:13] Setting protoprice for PID 506 to 0
[25/1/2019 17:12:13] Setting protoprice for PID 507 to 0
[25/1/2019 17:12:13] Setting protoprice for PID 508 to 50
[25/1/2019 17:12:13] Setting protoprice for PID 509 to 0
[25/1/2019 17:12:13] Setting protoprice for PID 510 to 0
[25/1/2019 17:12:13] Setting protoprice for PID 511 to 0
[25/1/2019 17:12:13] Setting protoprice for PID 512 to 0
[25/1/2019 17:12:13] Setting protoprice for PID 513 to 0
[25/1/2019 17:12:13] Setting protoprice for PID 514 to 0
[25/1/2019 17:12:13] Setting protoprice for PID 515 to 0
[25/1/2019 17:12:13] Setting protoprice for PID 516 to 200
[25/1/2019 17:12:13] Setting protoprice for PID 517 to 2000
[25/1/2019 17:12:13] Setting protoprice for PID 518 to 0
[25/1/2019 17:12:13] Setting protoprice for PID 519 to 0
[25/1/2019 17:12:13] Setting protoprice for PID 520 to 0
[25/1/2019 17:12:13] Setting protoprice for PID 521 to 0
[25/1/2019 17:12:13] Setting protoprice for PID 522 to 1800
[25/1/2019 17:12:13] Setting protoprice for PID 523 to 0
[25/1/2019 17:12:13] Setting protoprice for PID 524 to 20000
[25/1/2019 17:12:13] Setting protoprice for PID 525 to 1500
[25/1/2019 17:12:13] Setting protoprice for PID 526 to 0
[25/1/2019 17:12:13] Setting protoprice for PID 527 to 0
[25/1/2019 17:12:13] Setting protoprice for PID 528 to 0
[25/1/2019 17:12:13] Setting protoprice for PID 529 to 0
[25/1/2019 17:12:13] Setting protoprice for PID 530 to 0
[25/1/2019 17:12:13] Setting protoprice for PID 531 to 0
[25/1/2019 17:12:13] Setting protoprice for PID 532 to 10
[25/1/2019 17:12:13] Setting protoprice for PID 533 to 35
[25/1/2019 17:12:13] Setting protoprice for PID 534 to 3
[25/1/2019 17:12:13] Setting protoprice for PID 535 to 80
[25/1/2019 17:12:13] Setting protoprice for PID 536 to 50
[25/1/2019 17:12:13] Setting protoprice for PID 537 to 40
[25/1/2019 17:12:13] Setting protoprice for PID 538 to 5
[25/1/2019 17:12:13] Setting protoprice for PID 539 to 5
[25/1/2019 17:12:13] Setting protoprice for PID 540 to 10
[25/1/2019 17:12:13] Setting protoprice for PID 541 to 3
[25/1/2019 17:12:13] Setting protoprice for PID 542 to 1
[25/1/2019 17:12:13] Setting protoprice for PID 543 to 70
[25/1/2019 17:12:13] Setting protoprice for PID 544 to 850
[25/1/2019 17:12:13] Setting protoprice for PID 545 to 850
[25/1/2019 17:12:13] Setting protoprice for PID 546 to 1
[25/1/2019 17:12:13] Setting protoprice for PID 547 to 1
[25/1/2019 17:12:13] Setting protoprice for PID 548 to 1
[25/1/2019 17:12:13] Setting protoprice for PID 549 to 980
[25/1/2019 17:12:13] Setting protoprice for PID 550 to 120000
[25/1/2019 17:12:13] Setting protoprice for PID 551 to 0
[25/1/2019 17:12:13] Setting protoprice for PID 552 to 0
[25/1/2019 17:12:13] Setting protoprice for PID 553 to 0
[25/1/2019 17:12:13] Setting protoprice for PID 554 to 0
[25/1/2019 17:12:13] Setting protoprice for PID 555 to 0
[25/1/2019 17:12:13] Setting protoprice for PID 556 to 0
[25/1/2019 17:12:13] Setting protoprice for PID 557 to 0
[25/1/2019 17:12:13] Setting protoprice for PID 558 to 5000
[25/1/2019 17:12:13] Setting protoprice for PID 559 to 4000
[25/1/2019 17:12:13] Setting protoprice for PID 560 to 1000
[25/1/2019 17:12:13] Setting protoprice for PID 561 to 0
[25/1/2019 17:12:13] Setting protoprice for PID 562 to 0
[25/1/2019 17:12:13] Setting protoprice for PID 563 to 6000
[25/1/2019 17:12:13] Setting protoprice for PID 564 to 0
[25/1/2019 17:12:13] Setting protoprice for PID 565 to 0
[25/1/2019 17:12:13] Setting protoprice for PID 566 to 0
[25/1/2019 17:12:13] Setting protoprice for PID 567 to 0
[25/1/2019 17:12:13] Setting protoprice for PID 568 to 0
[25/1/2019 17:12:13] Setting protoprice for PID 569 to 0
[25/1/2019 17:12:13] Setting protoprice for PID 570 to 100
[25/1/2019 17:12:13] Setting protoprice for PID 571 to 0
[25/1/2019 17:12:13] Setting protoprice for PID 572 to 125
[25/1/2019 17:12:13] Setting protoprice for PID 573 to 0
[25/1/2019 17:12:13] Setting protoprice for PID 574 to 16
[25/1/2019 17:12:13] Setting protoprice for PID 575 to 12
[25/1/2019 17:12:13] Setting protoprice for PID 576 to 15
[25/1/2019 17:12:13] Setting protoprice for PID 600 to 0
[25/1/2019 17:12:13] Setting protoprice for PID 601 to 5
[25/1/2019 17:12:13] Setting protoprice for PID 602 to 0
[25/1/2019 17:12:13] Setting protoprice for PID 603 to 0
[25/1/2019 17:12:13] Setting protoprice for PID 604 to 0
[25/1/2019 17:12:13] Setting protoprice for PID 605 to 25
[25/1/2019 17:12:13] Setting protoprice for PID 606 to 0
[25/1/2019 17:12:13] Setting protoprice for PID 608 to 0
[25/1/2019 17:12:13] Setting protoprice for PID 609 to 25
[25/1/2019 17:12:13] Setting protoprice for PID 610 to 20000
[25/1/2019 17:12:13] Setting protoprice for PID 611 to 5000
[25/1/2019 17:12:13] Setting protoprice for PID 612 to 0
[25/1/2019 17:12:13] Setting protoprice for PID 613 to 0
[25/1/2019 17:12:13] Setting protoprice for PID 614 to 0
[25/1/2019 17:12:13] Setting protoprice for PID 615 to 0
[25/1/2019 17:12:13] Setting protoprice for PID 616 to 0
[25/1/2019 17:12:13] Setting protoprice for PID 617 to 1
[25/1/2019 17:12:13] Setting protoprice for PID 618 to 1
[25/1/2019 17:12:13] Setting protoprice for PID 619 to 2575
[25/1/2019 17:12:13] Setting protoprice for PID 620 to 3220
[25/1/2019 17:12:13] Setting protoprice for PID 621 to 130
[25/1/2019 17:12:13] Setting protoprice for PID 622 to 23
[25/1/2019 17:12:13] Setting protoprice for PID 623 to 0
[25/1/2019 17:12:13] Creating economy event
